# JRE version: OpenJDK Runtime Environment (21.0.3) (build 21.0.3+-12282718-b509.11)
# Java VM: OpenJDK 64-Bit Server VM (21.0.3+-12282718-b509.11, mixed mode, tiered, compressed oops, compressed class ptrs, g1 gc, windows-amd64)
GC Precious Log:
 CardTable entry size: 512
 Card Set container configuration: InlinePtr #cards 5 size 8 Array Of Cards #cards 12 size 40 Howl #buckets 4 coarsen threshold 1843 Howl Bitmap #cards 512 size 80 coarsen threshold 460 Card regions per heap region 1 cards per card region 2048
 CPUs: 8 total, 8 available
 Memory: 16106M
 Large Page Support: Disabled
 NUMA Support: Disabled
 Compressed Oops: Enabled (32-bit)
 Heap Region Size: 1M
 Heap Min Capacity: 8M
 Heap Initial Capacity: 252M
 Heap Max Capacity: 2G
 Pre-touch: Disabled
 Parallel Workers: 8
 Concurrent Workers: 2
 Concurrent Refinement Workers: 8
 Periodic GC: Disabled
Heap:
 garbage-first heap   total 329728K, used 267023K [0x0000000080000000, 0x0000000100000000)
  region size 1024K, 87 young (89088K), 12 survivors (12288K)
 Metaspace       used 126639K, committed 128256K, reserved 1179648K
  class space    used 16884K, committed 17920K, reserved 1048576K
GC Heap History (20 events):
Event: 56.127 GC heap before
{Heap before GC invocations=47 (full 0):
 garbage-first heap   total 242688K, used 197337K [0x0000000080000000, 0x0000000100000000)
  region size 1024K, 57 young (58368K), 2 survivors (2048K)
 Metaspace       used 121766K, committed 123968K, reserved 1179648K
  class space    used 16519K, committed 17600K, reserved 1048576K
}
Event: 56.132 GC heap after
{Heap after GC invocations=48 (full 0):
 garbage-first heap   total 242688K, used 144744K [0x0000000080000000, 0x0000000100000000)
  region size 1024K, 7 young (7168K), 7 survivors (7168K)
 Metaspace       used 121766K, committed 123968K, reserved 1179648K
  class space    used 16519K, committed 17600K, reserved 1048576K
}
Event: 2035.902 GC heap before
{Heap before GC invocations=48 (full 0):
 garbage-first heap   total 242688K, used 224616K [0x0000000080000000, 0x0000000100000000)
  region size 1024K, 74 young (75776K), 7 survivors (7168K)
 Metaspace       used 123054K, committed 125312K, reserved 1179648K
  class space    used 16696K, committed 17792K, reserved 1048576K
}
Event: 2035.925 GC heap after
{Heap after GC invocations=49 (full 0):
 garbage-first heap   total 242688K, used 159781K [0x0000000080000000, 0x0000000100000000)
  region size 1024K, 6 young (6144K), 6 survivors (6144K)
 Metaspace       used 123054K, committed 125312K, reserved 1179648K
  class space    used 16696K, committed 17792K, reserved 1048576K
}
Event: 2036.281 GC heap before
{Heap before GC invocations=49 (full 0):
 garbage-first heap   total 242688K, used 166949K [0x0000000080000000, 0x0000000100000000)
  region size 1024K, 14 young (14336K), 6 survivors (6144K)
 Metaspace       used 123393K, committed 125632K, reserved 1179648K
  class space    used 16751K, committed 17856K, reserved 1048576K
}
Event: 2036.288 GC heap after
{Heap after GC invocations=50 (full 0):
 garbage-first heap   total 242688K, used 162274K [0x0000000080000000, 0x0000000100000000)
  region size 1024K, 2 young (2048K), 2 survivors (2048K)
 Metaspace       used 123393K, committed 125632K, reserved 1179648K
  class space    used 16751K, committed 17856K, reserved 1048576K
}
Event: 2037.451 GC heap before
{Heap before GC invocations=51 (full 0):
 garbage-first heap   total 283648K, used 230882K [0x0000000080000000, 0x0000000100000000)
  region size 1024K, 59 young (60416K), 2 survivors (2048K)
 Metaspace       used 121774K, committed 125824K, reserved 1179648K
  class space    used 16250K, committed 17920K, reserved 1048576K
}
Event: 2037.459 GC heap after
{Heap after GC invocations=52 (full 0):
 garbage-first heap   total 283648K, used 181657K [0x0000000080000000, 0x0000000100000000)
  region size 1024K, 8 young (8192K), 8 survivors (8192K)
 Metaspace       used 121774K, committed 125824K, reserved 1179648K
  class space    used 16250K, committed 17920K, reserved 1048576K
}
Event: 2039.259 GC heap before
{Heap before GC invocations=52 (full 0):
 garbage-first heap   total 283648K, used 260505K [0x0000000080000000, 0x0000000100000000)
  region size 1024K, 74 young (75776K), 8 survivors (8192K)
 Metaspace       used 126596K, committed 128256K, reserved 1179648K
  class space    used 16880K, committed 17920K, reserved 1048576K
}
Event: 2039.280 GC heap after
{Heap after GC invocations=53 (full 0):
 garbage-first heap   total 289792K, used 184548K [0x0000000080000000, 0x0000000100000000)
  region size 1024K, 10 young (10240K), 10 survivors (10240K)
 Metaspace       used 126596K, committed 128256K, reserved 1179648K
  class space    used 16880K, committed 17920K, reserved 1048576K
}
Event: 2039.985 GC heap before
{Heap before GC invocations=53 (full 0):
 garbage-first heap   total 289792K, used 252132K [0x0000000080000000, 0x0000000100000000)
  region size 1024K, 77 young (78848K), 10 survivors (10240K)
 Metaspace       used 126598K, committed 128256K, reserved 1179648K
  class space    used 16880K, committed 17920K, reserved 1048576K
}
Event: 2040.000 GC heap after
{Heap after GC invocations=54 (full 0):
 garbage-first heap   total 289792K, used 183635K [0x0000000080000000, 0x0000000100000000)
  region size 1024K, 7 young (7168K), 7 survivors (7168K)
 Metaspace       used 126598K, committed 128256K, reserved 1179648K
  class space    used 16880K, committed 17920K, reserved 1048576K
}
Event: 2041.623 GC heap before
{Heap before GC invocations=54 (full 0):
 garbage-first heap   total 289792K, used 255315K [0x0000000080000000, 0x0000000100000000)
  region size 1024K, 77 young (78848K), 7 survivors (7168K)
 Metaspace       used 126599K, committed 128256K, reserved 1179648K
  class space    used 16880K, committed 17920K, reserved 1048576K
}
Event: 2041.630 GC heap after
{Heap after GC invocations=55 (full 0):
 garbage-first heap   total 289792K, used 187581K [0x0000000080000000, 0x0000000100000000)
  region size 1024K, 7 young (7168K), 7 survivors (7168K)
 Metaspace       used 126599K, committed 128256K, reserved 1179648K
  class space    used 16880K, committed 17920K, reserved 1048576K
}
Event: 2043.974 GC heap before
{Heap before GC invocations=56 (full 0):
 garbage-first heap   total 317440K, used 257213K [0x0000000080000000, 0x0000000100000000)
  region size 1024K, 77 young (78848K), 7 survivors (7168K)
 Metaspace       used 126481K, committed 128256K, reserved 1179648K
  class space    used 16857K, committed 17920K, reserved 1048576K
}
Event: 2043.983 GC heap after
{Heap after GC invocations=57 (full 0):
 garbage-first heap   total 317440K, used 189783K [0x0000000080000000, 0x0000000100000000)
  region size 1024K, 7 young (7168K), 7 survivors (7168K)
 Metaspace       used 126481K, committed 128256K, reserved 1179648K
  class space    used 16857K, committed 17920K, reserved 1048576K
}
Event: 2045.769 GC heap before
{Heap before GC invocations=57 (full 0):
 garbage-first heap   total 317440K, used 276823K [0x0000000080000000, 0x0000000100000000)
  region size 1024K, 92 young (94208K), 7 survivors (7168K)
 Metaspace       used 126481K, committed 128256K, reserved 1179648K
  class space    used 16857K, committed 17920K, reserved 1048576K
}
Event: 2045.777 GC heap after
{Heap after GC invocations=58 (full 0):
 garbage-first heap   total 317440K, used 186267K [0x0000000080000000, 0x0000000100000000)
  region size 1024K, 7 young (7168K), 7 survivors (7168K)
 Metaspace       used 126481K, committed 128256K, reserved 1179648K
  class space    used 16857K, committed 17920K, reserved 1048576K
}
Event: 2047.275 GC heap before
{Heap before GC invocations=58 (full 0):
 garbage-first heap   total 317440K, used 281499K [0x0000000080000000, 0x0000000100000000)
  region size 1024K, 100 young (102400K), 7 survivors (7168K)
 Metaspace       used 126481K, committed 128256K, reserved 1179648K
  class space    used 16857K, committed 17920K, reserved 1048576K
}
Event: 2047.285 GC heap after
{Heap after GC invocations=59 (full 0):
 garbage-first heap   total 317440K, used 191247K [0x0000000080000000, 0x0000000100000000)
  region size 1024K, 12 young (12288K), 12 survivors (12288K)
 Metaspace       used 126481K, committed 128256K, reserved 1179648K
  class space    used 16857K, committed 17920K, reserved 1048576K
}

